# JRE version: OpenJDK Runtime Environment AdoptOpenJDK-11.0.11+9 (11.0.11+9) (build 11.0.11+9)
# Java VM: OpenJDK 64-Bit Server VM AdoptOpenJDK-11.0.11+9 (11.0.11+9, mixed mode, tiered, compressed oops, parallel gc, windows-amd64)
Heap:
 PSYoungGen      total 27136K, used 4765K [0x00000000eab00000, 0x00000000ed000000, 0x0000000100000000)
  eden space 23040K, 20% used [0x00000000eab00000,0x00000000eafa7728,0x00000000ec180000)
  from space 4096K, 0% used [0x00000000ecc00000,0x00000000ecc00000,0x00000000ed000000)
  to   space 5632K, 0% used [0x00000000ec500000,0x00000000ec500000,0x00000000eca80000)
 ParOldGen       total 68608K, used 24709K [0x00000000c0000000, 0x00000000c4300000, 0x00000000eab00000)
  object space 68608K, 36% used [0x00000000c0000000,0x00000000c18216e0,0x00000000c4300000)
 Metaspace       used 35283K, capacity 37186K, committed 37336K, reserved 1083392K
  class space    used 3332K, capacity 3990K, committed 4056K, reserved 1048576K
GC Heap History (20 events):
Event: 11.941 GC heap before
{Heap before GC invocations=3 (full 1):
 PSYoungGen      total 29696K, used 4078K [0x00000000eab00000, 0x00000000ecc00000, 0x0000000100000000)
  eden space 25600K, 0% used [0x00000000eab00000,0x00000000eab00000,0x00000000ec400000)
  from space 4096K, 99% used [0x00000000ec800000,0x00000000ecbfb970,0x00000000ecc00000)
  to   space 4096K, 0% used [0x00000000ec400000,0x00000000ec400000,0x00000000ec800000)
 ParOldGen       total 68608K, used 1982K [0x00000000c0000000, 0x00000000c4300000, 0x00000000eab00000)
  object space 68608K, 2% used [0x00000000c0000000,0x00000000c01efb20,0x00000000c4300000)
 Metaspace       used 20227K, capacity 21187K, committed 21248K, reserved 1069056K
  class space    used 1918K, capacity 2302K, committed 2304K, reserved 1048576K
}
Event: 12.055 GC heap after
{Heap after GC invocations=3 (full 1):
 PSYoungGen      total 29696K, used 0K [0x00000000eab00000, 0x00000000ecc00000, 0x0000000100000000)
  eden space 25600K, 0% used [0x00000000eab00000,0x00000000eab00000,0x00000000ec400000)
  from space 4096K, 0% used [0x00000000ec800000,0x00000000ec800000,0x00000000ecc00000)
  to   space 4096K, 0% used [0x00000000ec400000,0x00000000ec400000,0x00000000ec800000)
 ParOldGen       total 68608K, used 5951K [0x00000000c0000000, 0x00000000c4300000, 0x00000000eab00000)
  object space 68608K, 8% used [0x00000000c0000000,0x00000000c05cfe08,0x00000000c4300000)
 Metaspace       used 20227K, capacity 21187K, committed 21248K, reserved 1069056K
  class space    used 1918K, capacity 2302K, committed 2304K, reserved 1048576K
}
Event: 16.715 GC heap before
{Heap before GC invocations=4 (full 1):
 PSYoungGen      total 29696K, used 25600K [0x00000000eab00000, 0x00000000ecc00000, 0x0000000100000000)
  eden space 25600K, 100% used [0x00000000eab00000,0x00000000ec400000,0x00000000ec400000)
  from space 4096K, 0% used [0x00000000ec800000,0x00000000ec800000,0x00000000ecc00000)
  to   space 4096K, 0% used [0x00000000ec400000,0x00000000ec400000,0x00000000ec800000)
 ParOldGen       total 68608K, used 5951K [0x00000000c0000000, 0x00000000c4300000, 0x00000000eab00000)
  object space 68608K, 8% used [0x00000000c0000000,0x00000000c05cfe08,0x00000000c4300000)
 Metaspace       used 27214K, capacity 28802K, committed 28928K, reserved 1075200K
  class space    used 2592K, capacity 3205K, committed 3328K, reserved 1048576K
}
Event: 16.744 GC heap after
{Heap after GC invocations=4 (full 1):
 PSYoungGen      total 29696K, used 2684K [0x00000000eab00000, 0x00000000ecc00000, 0x0000000100000000)
  eden space 25600K, 0% used [0x00000000eab00000,0x00000000eab00000,0x00000000ec400000)
  from space 4096K, 65% used [0x00000000ec400000,0x00000000ec69f290,0x00000000ec800000)
  to   space 4096K, 0% used [0x00000000ec800000,0x00000000ec800000,0x00000000ecc00000)
 ParOldGen       total 68608K, used 5967K [0x00000000c0000000, 0x00000000c4300000, 0x00000000eab00000)
  object space 68608K, 8% used [0x00000000c0000000,0x00000000c05d3e20,0x00000000c4300000)
 Metaspace       used 27214K, capacity 28802K, committed 28928K, reserved 1075200K
  class space    used 2592K, capacity 3205K, committed 3328K, reserved 1048576K
}
Event: 21.295 GC heap before
{Heap before GC invocations=5 (full 1):
 PSYoungGen      total 29696K, used 28284K [0x00000000eab00000, 0x00000000ecc00000, 0x0000000100000000)
  eden space 25600K, 100% used [0x00000000eab00000,0x00000000ec400000,0x00000000ec400000)
  from space 4096K, 65% used [0x00000000ec400000,0x00000000ec69f290,0x00000000ec800000)
  to   space 4096K, 0% used [0x00000000ec800000,0x00000000ec800000,0x00000000ecc00000)
 ParOldGen       total 68608K, used 5967K [0x00000000c0000000, 0x00000000c4300000, 0x00000000eab00000)
  object space 68608K, 8% used [0x00000000c0000000,0x00000000c05d3e20,0x00000000c4300000)
 Metaspace       used 30976K, capacity 32843K, committed 33152K, reserved 1079296K
  class space    used 2980K, capacity 3652K, committed 3712K, reserved 1048576K
}
Event: 21.328 GC heap after
{Heap after GC invocations=5 (full 1):
 PSYoungGen      total 29696K, used 4088K [0x00000000eab00000, 0x00000000ecc00000, 0x0000000100000000)
  eden space 25600K, 0% used [0x00000000eab00000,0x00000000eab00000,0x00000000ec400000)
  from space 4096K, 99% used [0x00000000ec800000,0x00000000ecbfe2d0,0x00000000ecc00000)
  to   space 4096K, 0% used [0x00000000ec400000,0x00000000ec400000,0x00000000ec800000)
 ParOldGen       total 68608K, used 7026K [0x00000000c0000000, 0x00000000c4300000, 0x00000000eab00000)
  object space 68608K, 10% used [0x00000000c0000000,0x00000000c06dcae0,0x00000000c4300000)
 Metaspace       used 30976K, capacity 32843K, committed 33152K, reserved 1079296K
  class space    used 2980K, capacity 3652K, committed 3712K, reserved 1048576K
}
Event: 23.045 GC heap before
{Heap before GC invocations=6 (full 1):
 PSYoungGen      total 29696K, used 29688K [0x00000000eab00000, 0x00000000ecc00000, 0x0000000100000000)
  eden space 25600K, 100% used [0x00000000eab00000,0x00000000ec400000,0x00000000ec400000)
  from space 4096K, 99% used [0x00000000ec800000,0x00000000ecbfe2d0,0x00000000ecc00000)
  to   space 4096K, 0% used [0x00000000ec400000,0x00000000ec400000,0x00000000ec800000)
 ParOldGen       total 68608K, used 7026K [0x00000000c0000000, 0x00000000c4300000, 0x00000000eab00000)
  object space 68608K, 10% used [0x00000000c0000000,0x00000000c06dcae0,0x00000000c4300000)
 Metaspace       used 31082K, capacity 32908K, committed 33152K, reserved 1079296K
  class space    used 2984K, capacity 3652K, committed 3712K, reserved 1048576K
}
Event: 23.144 GC heap after
{Heap after GC invocations=6 (full 1):
 PSYoungGen      total 29184K, used 4083K [0x00000000eab00000, 0x00000000ed180000, 0x0000000100000000)
  eden space 25088K, 0% used [0x00000000eab00000,0x00000000eab00000,0x00000000ec380000)
  from space 4096K, 99% used [0x00000000ec400000,0x00000000ec7fcfa8,0x00000000ec800000)
  to   space 7168K, 0% used [0x00000000eca80000,0x00000000eca80000,0x00000000ed180000)
 ParOldGen       total 68608K, used 9347K [0x00000000c0000000, 0x00000000c4300000, 0x00000000eab00000)
  object space 68608K, 13% used [0x00000000c0000000,0x00000000c0920ee0,0x00000000c4300000)
 Metaspace       used 31082K, capacity 32908K, committed 33152K, reserved 1079296K
  class space    used 2984K, capacity 3652K, committed 3712K, reserved 1048576K
}
Event: 24.101 GC heap before
{Heap before GC invocations=7 (full 1):
 PSYoungGen      total 29184K, used 29171K [0x00000000eab00000, 0x00000000ed180000, 0x0000000100000000)
  eden space 25088K, 100% used [0x00000000eab00000,0x00000000ec380000,0x00000000ec380000)
  from space 4096K, 99% used [0x00000000ec400000,0x00000000ec7fcfa8,0x00000000ec800000)
  to   space 7168K, 0% used [0x00000000eca80000,0x00000000eca80000,0x00000000ed180000)
 ParOldGen       total 68608K, used 9347K [0x00000000c0000000, 0x00000000c4300000, 0x00000000eab00000)
  object space 68608K, 13% used [0x00000000c0000000,0x00000000c0920ee0,0x00000000c4300000)
 Metaspace       used 31166K, capacity 33004K, committed 33152K, reserved 1079296K
  class space    used 2989K, capacity 3684K, committed 3712K, reserved 1048576K
}
Event: 24.232 GC heap after
{Heap after GC invocations=7 (full 1):
 PSYoungGen      total 31232K, used 6451K [0x00000000eab00000, 0x00000000ed100000, 0x0000000100000000)
  eden space 24576K, 0% used [0x00000000eab00000,0x00000000eab00000,0x00000000ec300000)
  from space 6656K, 96% used [0x00000000eca80000,0x00000000ed0ccfa8,0x00000000ed100000)
  to   space 6656K, 0% used [0x00000000ec400000,0x00000000ec400000,0x00000000eca80000)
 ParOldGen       total 68608K, used 9347K [0x00000000c0000000, 0x00000000c4300000, 0x00000000eab00000)
  object space 68608K, 13% used [0x00000000c0000000,0x00000000c0920ee0,0x00000000c4300000)
 Metaspace       used 31166K, capacity 33004K, committed 33152K, reserved 1079296K
  class space    used 2989K, capacity 3684K, committed 3712K, reserved 1048576K
}
Event: 24.400 GC heap before
{Heap before GC invocations=8 (full 1):
 PSYoungGen      total 31232K, used 31027K [0x00000000eab00000, 0x00000000ed100000, 0x0000000100000000)
  eden space 24576K, 100% used [0x00000000eab00000,0x00000000ec300000,0x00000000ec300000)
  from space 6656K, 96% used [0x00000000eca80000,0x00000000ed0ccfa8,0x00000000ed100000)
  to   space 6656K, 0% used [0x00000000ec400000,0x00000000ec400000,0x00000000eca80000)
 ParOldGen       total 68608K, used 9347K [0x00000000c0000000, 0x00000000c4300000, 0x00000000eab00000)
  object space 68608K, 13% used [0x00000000c0000000,0x00000000c0920ee0,0x00000000c4300000)
 Metaspace       used 31248K, capacity 33068K, committed 33152K, reserved 1079296K
  class space    used 2998K, capacity 3684K, committed 3712K, reserved 1048576K
}
Event: 24.429 GC heap after
{Heap after GC invocations=8 (full 1):
 PSYoungGen      total 30720K, used 6650K [0x00000000eab00000, 0x00000000ed680000, 0x0000000100000000)
  eden space 24064K, 0% used [0x00000000eab00000,0x00000000eab00000,0x00000000ec280000)
  from space 6656K, 99% used [0x00000000ec400000,0x00000000eca7eaa0,0x00000000eca80000)
  to   space 10240K, 0% used [0x00000000ecc80000,0x00000000ecc80000,0x00000000ed680000)
 ParOldGen       total 68608K, used 11947K [0x00000000c0000000, 0x00000000c4300000, 0x00000000eab00000)
  object space 68608K, 17% used [0x00000000c0000000,0x00000000c0baad90,0x00000000c4300000)
 Metaspace       used 31248K, capacity 33068K, committed 33152K, reserved 1079296K
  class space    used 2998K, capacity 3684K, committed 3712K, reserved 1048576K
}
Event: 24.732 GC heap before
{Heap before GC invocations=9 (full 1):
 PSYoungGen      total 30720K, used 30714K [0x00000000eab00000, 0x00000000ed680000, 0x0000000100000000)
  eden space 24064K, 100% used [0x00000000eab00000,0x00000000ec280000,0x00000000ec280000)
  from space 6656K, 99% used [0x00000000ec400000,0x00000000eca7eaa0,0x00000000eca80000)
  to   space 10240K, 0% used [0x00000000ecc80000,0x00000000ecc80000,0x00000000ed680000)
 ParOldGen       total 68608K, used 11947K [0x00000000c0000000, 0x00000000c4300000, 0x00000000eab00000)
  object space 68608K, 17% used [0x00000000c0000000,0x00000000c0baad90,0x00000000c4300000)
 Metaspace       used 31248K, capacity 33068K, committed 33152K, reserved 1079296K
  class space    used 2998K, capacity 3684K, committed 3712K, reserved 1048576K
}
Event: 24.762 GC heap after
{Heap after GC invocations=9 (full 1):
 PSYoungGen      total 31232K, used 7410K [0x00000000eab00000, 0x00000000ed400000, 0x0000000100000000)
  eden space 23552K, 0% used [0x00000000eab00000,0x00000000eab00000,0x00000000ec200000)
  from space 7680K, 96% used [0x00000000ecc80000,0x00000000ed3bcb38,0x00000000ed400000)
  to   space 8192K, 0% used [0x00000000ec400000,0x00000000ec400000,0x00000000ecc00000)
 ParOldGen       total 68608K, used 13862K [0x00000000c0000000, 0x00000000c4300000, 0x00000000eab00000)
  object space 68608K, 20% used [0x00000000c0000000,0x00000000c0d89918,0x00000000c4300000)
 Metaspace       used 31248K, capacity 33068K, committed 33152K, reserved 1079296K
  class space    used 2998K, capacity 3684K, committed 3712K, reserved 1048576K
}
Event: 25.966 GC heap before
{Heap before GC invocations=10 (full 1):
 PSYoungGen      total 31232K, used 30962K [0x00000000eab00000, 0x00000000ed400000, 0x0000000100000000)
  eden space 23552K, 100% used [0x00000000eab00000,0x00000000ec200000,0x00000000ec200000)
  from space 7680K, 96% used [0x00000000ecc80000,0x00000000ed3bcb38,0x00000000ed400000)
  to   space 8192K, 0% used [0x00000000ec400000,0x00000000ec400000,0x00000000ecc00000)
 ParOldGen       total 68608K, used 13862K [0x00000000c0000000, 0x00000000c4300000, 0x00000000eab00000)
  object space 68608K, 20% used [0x00000000c0000000,0x00000000c0d89918,0x00000000c4300000)
 Metaspace       used 31740K, capacity 33768K, committed 34048K, reserved 1079296K
  class space    used 3035K, capacity 3725K, committed 3840K, reserved 1048576K
}
Event: 26.312 GC heap after
{Heap after GC invocations=10 (full 1):
 PSYoungGen      total 31232K, used 8012K [0x00000000eab00000, 0x00000000ed180000, 0x0000000100000000)
  eden space 23040K, 0% used [0x00000000eab00000,0x00000000eab00000,0x00000000ec180000)
  from space 8192K, 97% used [0x00000000ec400000,0x00000000ecbd32d8,0x00000000ecc00000)
  to   space 5632K, 0% used [0x00000000ecc00000,0x00000000ecc00000,0x00000000ed180000)
 ParOldGen       total 68608K, used 16481K [0x00000000c0000000, 0x00000000c4300000, 0x00000000eab00000)
  object space 68608K, 24% used [0x00000000c0000000,0x00000000c1018430,0x00000000c4300000)
 Metaspace       used 31740K, capacity 33768K, committed 34048K, reserved 1079296K
  class space    used 3035K, capacity 3725K, committed 3840K, reserved 1048576K
}
Event: 27.352 GC heap before
{Heap before GC invocations=11 (full 1):
 PSYoungGen      total 31232K, used 12261K [0x00000000eab00000, 0x00000000ed180000, 0x0000000100000000)
  eden space 23040K, 18% used [0x00000000eab00000,0x00000000eaf26478,0x00000000ec180000)
  from space 8192K, 97% used [0x00000000ec400000,0x00000000ecbd32d8,0x00000000ecc00000)
  to   space 5632K, 0% used [0x00000000ecc00000,0x00000000ecc00000,0x00000000ed180000)
 ParOldGen       total 68608K, used 16481K [0x00000000c0000000, 0x00000000c4300000, 0x00000000eab00000)
  object space 68608K, 24% used [0x00000000c0000000,0x00000000c1018430,0x00000000c4300000)
 Metaspace       used 33358K, capacity 35304K, committed 35416K, reserved 1081344K
  class space    used 3159K, capacity 3853K, committed 3928K, reserved 1048576K
}
Event: 27.379 GC heap after
{Heap after GC invocations=11 (full 1):
 PSYoungGen      total 27136K, used 3828K [0x00000000eab00000, 0x00000000ed000000, 0x0000000100000000)
  eden space 23040K, 0% used [0x00000000eab00000,0x00000000eab00000,0x00000000ec180000)
  from space 4096K, 93% used [0x00000000ecc00000,0x00000000ecfbd1e0,0x00000000ed000000)
  to   space 5632K, 0% used [0x00000000ec500000,0x00000000ec500000,0x00000000eca80000)
 ParOldGen       total 68608K, used 21255K [0x00000000c0000000, 0x00000000c4300000, 0x00000000eab00000)
  object space 68608K, 30% used [0x00000000c0000000,0x00000000c14c1cd0,0x00000000c4300000)
 Metaspace       used 33358K, capacity 35304K, committed 35416K, reserved 1081344K
  class space    used 3159K, capacity 3853K, committed 3928K, reserved 1048576K
}
Event: 27.379 GC heap before
{Heap before GC invocations=12 (full 2):
 PSYoungGen      total 27136K, used 3828K [0x00000000eab00000, 0x00000000ed000000, 0x0000000100000000)
  eden space 23040K, 0% used [0x00000000eab00000,0x00000000eab00000,0x00000000ec180000)
  from space 4096K, 93% used [0x00000000ecc00000,0x00000000ecfbd1e0,0x00000000ed000000)
  to   space 5632K, 0% used [0x00000000ec500000,0x00000000ec500000,0x00000000eca80000)
 ParOldGen       total 68608K, used 21255K [0x00000000c0000000, 0x00000000c4300000, 0x00000000eab00000)
  object space 68608K, 30% used [0x00000000c0000000,0x00000000c14c1cd0,0x00000000c4300000)
 Metaspace       used 33358K, capacity 35304K, committed 35416K, reserved 1081344K
  class space    used 3159K, capacity 3853K, committed 3928K, reserved 1048576K
}
Event: 28.098 GC heap after
{Heap after GC invocations=12 (full 2):
 PSYoungGen      total 27136K, used 0K [0x00000000eab00000, 0x00000000ed000000, 0x0000000100000000)
  eden space 23040K, 0% used [0x00000000eab00000,0x00000000eab00000,0x00000000ec180000)
  from space 4096K, 0% used [0x00000000ecc00000,0x00000000ecc00000,0x00000000ed000000)
  to   space 5632K, 0% used [0x00000000ec500000,0x00000000ec500000,0x00000000eca80000)
 ParOldGen       total 68608K, used 24709K [0x00000000c0000000, 0x00000000c4300000, 0x00000000eab00000)
  object space 68608K, 36% used [0x00000000c0000000,0x00000000c18216e0,0x00000000c4300000)
 Metaspace       used 33358K, capacity 35304K, committed 35416K, reserved 1081344K
  class space    used 3159K, capacity 3853K, committed 3928K, reserved 1048576K
}

