# JRE version: OpenJDK Runtime Environment AdoptOpenJDK-11.0.11+9 (11.0.11+9) (build 11.0.11+9)
# Java VM: OpenJDK 64-Bit Server VM AdoptOpenJDK-11.0.11+9 (11.0.11+9, mixed mode, tiered, compressed oops, parallel gc, windows-amd64)
Heap:
 PSYoungGen      total 22016K, used 7891K [0x00000000eab00000, 0x00000000eca80000, 0x0000000100000000)
  eden space 14336K, 3% used [0x00000000eab00000,0x00000000eab8ecb8,0x00000000eb900000)
  from space 7680K, 95% used [0x00000000ec300000,0x00000000eca260e8,0x00000000eca80000)
  to   space 8192K, 0% used [0x00000000eba80000,0x00000000eba80000,0x00000000ec280000)
 ParOldGen       total 239104K, used 222138K [0x00000000c0000000, 0x00000000ce980000, 0x00000000eab00000)
  object space 239104K, 92% used [0x00000000c0000000,0x00000000cd8eea98,0x00000000ce980000)
 Metaspace       used 55901K, capacity 58642K, committed 58880K, reserved 1101824K
  class space    used 5580K, capacity 6597K, committed 6656K, reserved 1048576K
GC Heap History (20 events):
Event: 102.942 GC heap before
{Heap before GC invocations=83 (full 7):
 PSYoungGen      total 13824K, used 13804K [0x00000000eab00000, 0x00000000ebf00000, 0x0000000100000000)
  eden space 8704K, 100% used [0x00000000eab00000,0x00000000eb380000,0x00000000eb380000)
  from space 5120K, 99% used [0x00000000eb900000,0x00000000ebdfb250,0x00000000ebe00000)
  to   space 5632K, 0% used [0x00000000eb380000,0x00000000eb380000,0x00000000eb900000)
 ParOldGen       total 205824K, used 200522K [0x00000000c0000000, 0x00000000cc900000, 0x00000000eab00000)
  object space 205824K, 97% used [0x00000000c0000000,0x00000000cc3d2828,0x00000000cc900000)
 Metaspace       used 55901K, capacity 58642K, committed 58880K, reserved 1101824K
  class space    used 5580K, capacity 6597K, committed 6656K, reserved 1048576K
}
Event: 102.961 GC heap after
{Heap after GC invocations=83 (full 7):
 PSYoungGen      total 14336K, used 3866K [0x00000000eab00000, 0x00000000ebd80000, 0x0000000100000000)
  eden space 8704K, 0% used [0x00000000eab00000,0x00000000eab00000,0x00000000eb380000)
  from space 5632K, 68% used [0x00000000eb380000,0x00000000eb746940,0x00000000eb900000)
  to   space 4608K, 0% used [0x00000000eb900000,0x00000000eb900000,0x00000000ebd80000)
 ParOldGen       total 205824K, used 203958K [0x00000000c0000000, 0x00000000cc900000, 0x00000000eab00000)
  object space 205824K, 99% used [0x00000000c0000000,0x00000000cc72d848,0x00000000cc900000)
 Metaspace       used 55901K, capacity 58642K, committed 58880K, reserved 1101824K
  class space    used 5580K, capacity 6597K, committed 6656K, reserved 1048576K
}
Event: 102.961 GC heap before
{Heap before GC invocations=84 (full 8):
 PSYoungGen      total 14336K, used 3866K [0x00000000eab00000, 0x00000000ebd80000, 0x0000000100000000)
  eden space 8704K, 0% used [0x00000000eab00000,0x00000000eab00000,0x00000000eb380000)
  from space 5632K, 68% used [0x00000000eb380000,0x00000000eb746940,0x00000000eb900000)
  to   space 4608K, 0% used [0x00000000eb900000,0x00000000eb900000,0x00000000ebd80000)
 ParOldGen       total 205824K, used 203958K [0x00000000c0000000, 0x00000000cc900000, 0x00000000eab00000)
  object space 205824K, 99% used [0x00000000c0000000,0x00000000cc72d848,0x00000000cc900000)
 Metaspace       used 55901K, capacity 58642K, committed 58880K, reserved 1101824K
  class space    used 5580K, capacity 6597K, committed 6656K, reserved 1048576K
}
Event: 104.894 GC heap after
{Heap after GC invocations=84 (full 8):
 PSYoungGen      total 14336K, used 761K [0x00000000eab00000, 0x00000000ebd80000, 0x0000000100000000)
  eden space 8704K, 0% used [0x00000000eab00000,0x00000000eab00000,0x00000000eb380000)
  from space 5632K, 13% used [0x00000000eb380000,0x00000000eb43e418,0x00000000eb900000)
  to   space 4608K, 0% used [0x00000000eb900000,0x00000000eb900000,0x00000000ebd80000)
 ParOldGen       total 239104K, used 205456K [0x00000000c0000000, 0x00000000ce980000, 0x00000000eab00000)
  object space 239104K, 85% used [0x00000000c0000000,0x00000000cc8a4190,0x00000000ce980000)
 Metaspace       used 55901K, capacity 58642K, committed 58880K, reserved 1101824K
  class space    used 5580K, capacity 6597K, committed 6656K, reserved 1048576K
}
Event: 105.213 GC heap before
{Heap before GC invocations=85 (full 8):
 PSYoungGen      total 14336K, used 9465K [0x00000000eab00000, 0x00000000ebd80000, 0x0000000100000000)
  eden space 8704K, 100% used [0x00000000eab00000,0x00000000eb380000,0x00000000eb380000)
  from space 5632K, 13% used [0x00000000eb380000,0x00000000eb43e418,0x00000000eb900000)
  to   space 4608K, 0% used [0x00000000eb900000,0x00000000eb900000,0x00000000ebd80000)
 ParOldGen       total 239104K, used 205456K [0x00000000c0000000, 0x00000000ce980000, 0x00000000eab00000)
  object space 239104K, 85% used [0x00000000c0000000,0x00000000cc8a4190,0x00000000ce980000)
 Metaspace       used 55901K, capacity 58642K, committed 58880K, reserved 1101824K
  class space    used 5580K, capacity 6597K, committed 6656K, reserved 1048576K
}
Event: 105.277 GC heap after
{Heap after GC invocations=85 (full 8):
 PSYoungGen      total 12800K, used 2689K [0x00000000eab00000, 0x00000000ebc00000, 0x0000000100000000)
  eden space 9728K, 0% used [0x00000000eab00000,0x00000000eab00000,0x00000000eb480000)
  from space 3072K, 87% used [0x00000000eb900000,0x00000000ebba0478,0x00000000ebc00000)
  to   space 3584K, 0% used [0x00000000eb500000,0x00000000eb500000,0x00000000eb880000)
 ParOldGen       total 239104K, used 205456K [0x00000000c0000000, 0x00000000ce980000, 0x00000000eab00000)
  object space 239104K, 85% used [0x00000000c0000000,0x00000000cc8a4190,0x00000000ce980000)
 Metaspace       used 55901K, capacity 58642K, committed 58880K, reserved 1101824K
  class space    used 5580K, capacity 6597K, committed 6656K, reserved 1048576K
}
Event: 105.623 GC heap before
{Heap before GC invocations=86 (full 8):
 PSYoungGen      total 12800K, used 12417K [0x00000000eab00000, 0x00000000ebc00000, 0x0000000100000000)
  eden space 9728K, 100% used [0x00000000eab00000,0x00000000eb480000,0x00000000eb480000)
  from space 3072K, 87% used [0x00000000eb900000,0x00000000ebba0478,0x00000000ebc00000)
  to   space 3584K, 0% used [0x00000000eb500000,0x00000000eb500000,0x00000000eb880000)
 ParOldGen       total 239104K, used 205456K [0x00000000c0000000, 0x00000000ce980000, 0x00000000eab00000)
  object space 239104K, 85% used [0x00000000c0000000,0x00000000cc8a4190,0x00000000ce980000)
 Metaspace       used 55901K, capacity 58642K, committed 58880K, reserved 1101824K
  class space    used 5580K, capacity 6597K, committed 6656K, reserved 1048576K
}
Event: 105.635 GC heap after
{Heap after GC invocations=86 (full 8):
 PSYoungGen      total 13824K, used 3583K [0x00000000eab00000, 0x00000000ec080000, 0x0000000100000000)
  eden space 10240K, 0% used [0x00000000eab00000,0x00000000eab00000,0x00000000eb500000)
  from space 3584K, 99% used [0x00000000eb500000,0x00000000eb87fe78,0x00000000eb880000)
  to   space 5632K, 0% used [0x00000000ebb00000,0x00000000ebb00000,0x00000000ec080000)
 ParOldGen       total 239104K, used 206745K [0x00000000c0000000, 0x00000000ce980000, 0x00000000eab00000)
  object space 239104K, 86% used [0x00000000c0000000,0x00000000cc9e6688,0x00000000ce980000)
 Metaspace       used 55901K, capacity 58642K, committed 58880K, reserved 1101824K
  class space    used 5580K, capacity 6597K, committed 6656K, reserved 1048576K
}
Event: 105.944 GC heap before
{Heap before GC invocations=87 (full 8):
 PSYoungGen      total 13824K, used 13823K [0x00000000eab00000, 0x00000000ec080000, 0x0000000100000000)
  eden space 10240K, 100% used [0x00000000eab00000,0x00000000eb500000,0x00000000eb500000)
  from space 3584K, 99% used [0x00000000eb500000,0x00000000eb87fe78,0x00000000eb880000)
  to   space 5632K, 0% used [0x00000000ebb00000,0x00000000ebb00000,0x00000000ec080000)
 ParOldGen       total 239104K, used 206745K [0x00000000c0000000, 0x00000000ce980000, 0x00000000eab00000)
  object space 239104K, 86% used [0x00000000c0000000,0x00000000cc9e6688,0x00000000ce980000)
 Metaspace       used 55901K, capacity 58642K, committed 58880K, reserved 1101824K
  class space    used 5580K, capacity 6597K, committed 6656K, reserved 1048576K
}
Event: 105.962 GC heap after
{Heap after GC invocations=87 (full 8):
 PSYoungGen      total 15872K, used 5448K [0x00000000eab00000, 0x00000000ec200000, 0x0000000100000000)
  eden space 10240K, 0% used [0x00000000eab00000,0x00000000eab00000,0x00000000eb500000)
  from space 5632K, 96% used [0x00000000ebb00000,0x00000000ec0521e0,0x00000000ec080000)
  to   space 6144K, 0% used [0x00000000eb500000,0x00000000eb500000,0x00000000ebb00000)
 ParOldGen       total 239104K, used 207270K [0x00000000c0000000, 0x00000000ce980000, 0x00000000eab00000)
  object space 239104K, 86% used [0x00000000c0000000,0x00000000cca69890,0x00000000ce980000)
 Metaspace       used 55901K, capacity 58642K, committed 58880K, reserved 1101824K
  class space    used 5580K, capacity 6597K, committed 6656K, reserved 1048576K
}
Event: 106.193 GC heap before
{Heap before GC invocations=88 (full 8):
 PSYoungGen      total 15872K, used 15688K [0x00000000eab00000, 0x00000000ec200000, 0x0000000100000000)
  eden space 10240K, 100% used [0x00000000eab00000,0x00000000eb500000,0x00000000eb500000)
  from space 5632K, 96% used [0x00000000ebb00000,0x00000000ec0521e0,0x00000000ec080000)
  to   space 6144K, 0% used [0x00000000eb500000,0x00000000eb500000,0x00000000ebb00000)
 ParOldGen       total 239104K, used 207270K [0x00000000c0000000, 0x00000000ce980000, 0x00000000eab00000)
  object space 239104K, 86% used [0x00000000c0000000,0x00000000cca69890,0x00000000ce980000)
 Metaspace       used 55901K, capacity 58642K, committed 58880K, reserved 1101824K
  class space    used 5580K, capacity 6597K, committed 6656K, reserved 1048576K
}
Event: 106.211 GC heap after
{Heap after GC invocations=88 (full 8):
 PSYoungGen      total 16384K, used 6122K [0x00000000eab00000, 0x00000000ec700000, 0x0000000100000000)
  eden space 10240K, 0% used [0x00000000eab00000,0x00000000eab00000,0x00000000eb500000)
  from space 6144K, 99% used [0x00000000eb500000,0x00000000ebafabe0,0x00000000ebb00000)
  to   space 8704K, 0% used [0x00000000ebe80000,0x00000000ebe80000,0x00000000ec700000)
 ParOldGen       total 239104K, used 208930K [0x00000000c0000000, 0x00000000ce980000, 0x00000000eab00000)
  object space 239104K, 87% used [0x00000000c0000000,0x00000000ccc089a0,0x00000000ce980000)
 Metaspace       used 55901K, capacity 58642K, committed 58880K, reserved 1101824K
  class space    used 5580K, capacity 6597K, committed 6656K, reserved 1048576K
}
Event: 106.328 GC heap before
{Heap before GC invocations=89 (full 8):
 PSYoungGen      total 16384K, used 16362K [0x00000000eab00000, 0x00000000ec700000, 0x0000000100000000)
  eden space 10240K, 100% used [0x00000000eab00000,0x00000000eb500000,0x00000000eb500000)
  from space 6144K, 99% used [0x00000000eb500000,0x00000000ebafabe0,0x00000000ebb00000)
  to   space 8704K, 0% used [0x00000000ebe80000,0x00000000ebe80000,0x00000000ec700000)
 ParOldGen       total 239104K, used 208930K [0x00000000c0000000, 0x00000000ce980000, 0x00000000eab00000)
  object space 239104K, 87% used [0x00000000c0000000,0x00000000ccc089a0,0x00000000ce980000)
 Metaspace       used 55901K, capacity 58642K, committed 58880K, reserved 1101824K
  class space    used 5580K, capacity 6597K, committed 6656K, reserved 1048576K
}
Event: 106.350 GC heap after
{Heap after GC invocations=89 (full 8):
 PSYoungGen      total 17408K, used 5745K [0x00000000eab00000, 0x00000000ec480000, 0x0000000100000000)
  eden space 11264K, 0% used [0x00000000eab00000,0x00000000eab00000,0x00000000eb600000)
  from space 6144K, 93% used [0x00000000ebe80000,0x00000000ec41c7c0,0x00000000ec480000)
  to   space 6656K, 0% used [0x00000000eb780000,0x00000000eb780000,0x00000000ebe00000)
 ParOldGen       total 239104K, used 211781K [0x00000000c0000000, 0x00000000ce980000, 0x00000000eab00000)
  object space 239104K, 88% used [0x00000000c0000000,0x00000000cced17c8,0x00000000ce980000)
 Metaspace       used 55901K, capacity 58642K, committed 58880K, reserved 1101824K
  class space    used 5580K, capacity 6597K, committed 6656K, reserved 1048576K
}
Event: 106.693 GC heap before
{Heap before GC invocations=90 (full 8):
 PSYoungGen      total 17408K, used 17009K [0x00000000eab00000, 0x00000000ec480000, 0x0000000100000000)
  eden space 11264K, 100% used [0x00000000eab00000,0x00000000eb600000,0x00000000eb600000)
  from space 6144K, 93% used [0x00000000ebe80000,0x00000000ec41c7c0,0x00000000ec480000)
  to   space 6656K, 0% used [0x00000000eb780000,0x00000000eb780000,0x00000000ebe00000)
 ParOldGen       total 239104K, used 211781K [0x00000000c0000000, 0x00000000ce980000, 0x00000000eab00000)
  object space 239104K, 88% used [0x00000000c0000000,0x00000000cced17c8,0x00000000ce980000)
 Metaspace       used 55901K, capacity 58642K, committed 58880K, reserved 1101824K
  class space    used 5580K, capacity 6597K, committed 6656K, reserved 1048576K
}
Event: 106.713 GC heap after
{Heap after GC invocations=90 (full 8):
 PSYoungGen      total 18944K, used 6642K [0x00000000eab00000, 0x00000000ec900000, 0x0000000100000000)
  eden space 12288K, 0% used [0x00000000eab00000,0x00000000eab00000,0x00000000eb700000)
  from space 6656K, 99% used [0x00000000eb780000,0x00000000ebdfc980,0x00000000ebe00000)
  to   space 9216K, 0% used [0x00000000ec000000,0x00000000ec000000,0x00000000ec900000)
 ParOldGen       total 239104K, used 213649K [0x00000000c0000000, 0x00000000ce980000, 0x00000000eab00000)
  object space 239104K, 89% used [0x00000000c0000000,0x00000000cd0a44c0,0x00000000ce980000)
 Metaspace       used 55901K, capacity 58642K, committed 58880K, reserved 1101824K
  class space    used 5580K, capacity 6597K, committed 6656K, reserved 1048576K
}
Event: 107.315 GC heap before
{Heap before GC invocations=91 (full 8):
 PSYoungGen      total 18944K, used 18930K [0x00000000eab00000, 0x00000000ec900000, 0x0000000100000000)
  eden space 12288K, 100% used [0x00000000eab00000,0x00000000eb700000,0x00000000eb700000)
  from space 6656K, 99% used [0x00000000eb780000,0x00000000ebdfc980,0x00000000ebe00000)
  to   space 9216K, 0% used [0x00000000ec000000,0x00000000ec000000,0x00000000ec900000)
 ParOldGen       total 239104K, used 213649K [0x00000000c0000000, 0x00000000ce980000, 0x00000000eab00000)
  object space 239104K, 89% used [0x00000000c0000000,0x00000000cd0a44c0,0x00000000ce980000)
 Metaspace       used 55901K, capacity 58642K, committed 58880K, reserved 1101824K
  class space    used 5580K, capacity 6597K, committed 6656K, reserved 1048576K
}
Event: 107.361 GC heap after
{Heap after GC invocations=91 (full 8):
 PSYoungGen      total 20480K, used 6480K [0x00000000eab00000, 0x00000000ec700000, 0x0000000100000000)
  eden space 13312K, 0% used [0x00000000eab00000,0x00000000eab00000,0x00000000eb800000)
  from space 7168K, 90% used [0x00000000ec000000,0x00000000ec654070,0x00000000ec700000)
  to   space 7680K, 0% used [0x00000000eb800000,0x00000000eb800000,0x00000000ebf80000)
 ParOldGen       total 239104K, used 216694K [0x00000000c0000000, 0x00000000ce980000, 0x00000000eab00000)
  object space 239104K, 90% used [0x00000000c0000000,0x00000000cd39d858,0x00000000ce980000)
 Metaspace       used 55901K, capacity 58642K, committed 58880K, reserved 1101824K
  class space    used 5580K, capacity 6597K, committed 6656K, reserved 1048576K
}
Event: 107.782 GC heap before
{Heap before GC invocations=92 (full 8):
 PSYoungGen      total 20480K, used 19792K [0x00000000eab00000, 0x00000000ec700000, 0x0000000100000000)
  eden space 13312K, 100% used [0x00000000eab00000,0x00000000eb800000,0x00000000eb800000)
  from space 7168K, 90% used [0x00000000ec000000,0x00000000ec654070,0x00000000ec700000)
  to   space 7680K, 0% used [0x00000000eb800000,0x00000000eb800000,0x00000000ebf80000)
 ParOldGen       total 239104K, used 216694K [0x00000000c0000000, 0x00000000ce980000, 0x00000000eab00000)
  object space 239104K, 90% used [0x00000000c0000000,0x00000000cd39d858,0x00000000ce980000)
 Metaspace       used 55901K, capacity 58642K, committed 58880K, reserved 1101824K
  class space    used 5580K, capacity 6597K, committed 6656K, reserved 1048576K
}
Event: 107.815 GC heap after
{Heap after GC invocations=92 (full 8):
 PSYoungGen      total 20992K, used 7663K [0x00000000eab00000, 0x00000000ecd00000, 0x0000000100000000)
  eden space 13312K, 0% used [0x00000000eab00000,0x00000000eab00000,0x00000000eb800000)
  from space 7680K, 99% used [0x00000000eb800000,0x00000000ebf7bcc8,0x00000000ebf80000)
  to   space 10240K, 0% used [0x00000000ec300000,0x00000000ec300000,0x00000000ecd00000)
 ParOldGen       total 239104K, used 218676K [0x00000000c0000000, 0x00000000ce980000, 0x00000000eab00000)
  object space 239104K, 91% used [0x00000000c0000000,0x00000000cd58d2f8,0x00000000ce980000)
 Metaspace       used 55901K, capacity 58642K, committed 58880K, reserved 1101824K
  class space    used 5580K, capacity 6597K, committed 6656K, reserved 1048576K
}

